<?xml version="1.0" encoding="UTF-8" ?>
<testsuite errors="0" failures="0" hostname="eduardo-Aspire-E5-473" name="com.grailsinaction.UserIntegrationSpec" tests="6" time="0.6" timestamp="2016-02-16T12:13:58">
  <properties />
  <testcase classname="com.grailsinaction.UserIntegrationSpec" name="Saving our first user to the database" time="0.44" />
  <testcase classname="com.grailsinaction.UserIntegrationSpec" name="Updating a saved user changes its properties" time="0.037" />
  <testcase classname="com.grailsinaction.UserIntegrationSpec" name="Deleting an existing user removes it from the database" time="0.042" />
  <testcase classname="com.grailsinaction.UserIntegrationSpec" name="Saving a user with invalid properties causes an error" time="0.048" />
  <testcase classname="com.grailsinaction.UserIntegrationSpec" name="Recovering from a failed save by fixing invalid properties" time="0.012" />
  <testcase classname="com.grailsinaction.UserIntegrationSpec" name="Ensure a  user can follow other users" time="0.019" />
  <system-out><![CDATA[--Output from Saving our first user to the database--
--Output from Updating a saved user changes its properties--
--Output from Deleting an existing user removes it from the database--
--Output from Saving a user with invalid properties causes an error--
--Output from Recovering from a failed save by fixing invalid properties--
--Output from Ensure a  user can follow other users--
]]></system-out>
  <system-err><![CDATA[--Output from Saving our first user to the database--
--Output from Updating a saved user changes its properties--
--Output from Deleting an existing user removes it from the database--
--Output from Saving a user with invalid properties causes an error--
--Output from Recovering from a failed save by fixing invalid properties--
--Output from Ensure a  user can follow other users--
]]></system-err>
</testsuite>
